TN:
SF:C:\Users\User1\advertisement\advertisement/src/advertisement-app/admin-page.js
FN:19,(anonymous_0)
FN:67,(anonymous_1)
FN:86,(anonymous_2)
FN:92,(anonymous_3)
FNF:4
FNH:1
FNDA:0,(anonymous_0)
FNDA:1,(anonymous_1)
FNDA:0,(anonymous_2)
FNDA:0,(anonymous_3)
DA:20,0
DA:68,1
DA:87,0
DA:88,0
DA:89,0
DA:93,0
DA:94,0
DA:95,0
DA:96,0
DA:97,0
DA:101,1
LF:11
LH:2
BRDA:96,0,0,0
BRDA:96,0,1,0
BRF:2
BRH:0
end_of_record
TN:
SF:C:\Users\User1\advertisement\advertisement/src/advertisement-app/advertisement-app.js
FN:15,(anonymous_0)
FN:26,(anonymous_1)
FN:42,(anonymous_2)
FN:52,(anonymous_3)
FN:62,(anonymous_4)
FN:64,(anonymous_5)
FN:74,(anonymous_6)
FNF:7
FNH:0
FNDA:0,(anonymous_0)
FNDA:0,(anonymous_1)
FNDA:0,(anonymous_2)
FNDA:0,(anonymous_3)
FNDA:0,(anonymous_4)
FNDA:0,(anonymous_5)
FNDA:0,(anonymous_6)
DA:8,1
DA:9,1
DA:16,0
DA:27,0
DA:43,0
DA:53,0
DA:54,0
DA:55,0
DA:56,0
DA:58,0
DA:63,0
DA:64,0
DA:65,0
DA:66,0
DA:75,0
DA:77,0
DA:78,0
DA:80,0
DA:81,0
DA:83,0
DA:84,0
DA:89,0
LF:22
LH:2
BRDA:53,0,0,0
BRDA:53,0,1,0
BRDA:55,1,0,0
BRDA:55,1,1,0
BRDA:75,2,0,0
BRDA:75,2,1,0
BRDA:75,2,2,0
BRF:7
BRH:0
end_of_record
TN:
SF:C:\Users\User1\advertisement\advertisement/src/advertisement-app/login-page.js
FN:13,(anonymous_0)
FN:96,(anonymous_1)
FN:115,(anonymous_2)
FN:129,(anonymous_3)
FN:167,(anonymous_4)
FN:176,(anonymous_5)
FNF:6
FNH:2
FNDA:1,(anonymous_0)
FNDA:1,(anonymous_1)
FNDA:0,(anonymous_2)
FNDA:0,(anonymous_3)
FNDA:0,(anonymous_4)
FNDA:0,(anonymous_5)
DA:14,1
DA:97,1
DA:116,0
DA:117,0
DA:118,0
DA:119,0
DA:130,0
DA:132,0
DA:136,0
DA:137,0
DA:138,0
DA:139,0
DA:140,0
DA:141,0
DA:145,0
DA:146,0
DA:147,0
DA:157,0
DA:159,0
DA:160,0
DA:168,0
DA:177,0
DA:178,0
DA:179,0
DA:180,0
DA:181,0
DA:184,1
LF:27
LH:3
BRDA:116,0,0,0
BRDA:116,0,1,0
BRDA:130,1,0,0
BRDA:130,1,1,0
BRDA:136,2,0,0
BRDA:136,2,1,0
BRDA:139,3,0,0
BRDA:139,3,1,0
BRDA:145,4,0,0
BRDA:145,4,1,0
BRDA:180,5,0,0
BRDA:180,5,1,0
BRF:12
BRH:0
end_of_record
